2023-08-06 08:51:55.144166 - Initialized conversion of CBT983
2023-08-06 08:51:55.389900 - Received CBT.V505.FILE983.PDS from FILE983.XMI 
2023-08-06 08:51:55.392187 - Found $$$#DATE.txt (text/plain) in CBT.V505.FILE983.PDS, moved to PDS/$$$#DATE
2023-08-06 08:51:55.393519 - Found $$README.txt (text/plain) in CBT.V505.FILE983.PDS, moved to PDS/$$README
2023-08-06 08:51:55.394530 - Found $$SETUP.txt (text/plain) in CBT.V505.FILE983.PDS, moved to PDS/$$SETUP
2023-08-06 08:51:55.395409 - Found $DISCLAM.txt (text/plain) in CBT.V505.FILE983.PDS, moved to PDS/$DISCLAM
2023-08-06 08:51:55.396508 - Found @FILE983.txt (text/plain) in CBT.V505.FILE983.PDS, moved to PDS/@FILE983
2023-08-06 08:51:55.397806 - Found MSIC.rexx (text/plain) in CBT.V505.FILE983.PDS, moved to PDS/MSIC
2023-08-06 08:51:55.398900 - Found MSIC$DOC.txt (text/plain) in CBT.V505.FILE983.PDS, moved to PDS/MSIC$DOC
2023-08-06 08:51:55.400016 - Found MSICHDL1.txt (text/plain) in CBT.V505.FILE983.PDS, moved to PDS/MSICHDL1
2023-08-06 08:51:55.401095 - Found MSICHDZ1.txt (text/plain) in CBT.V505.FILE983.PDS, moved to PDS/MSICHDZ1
2023-08-06 08:51:55.402142 - Found MSICHTF1.txt (text/plain) in CBT.V505.FILE983.PDS, moved to PDS/MSICHTF1
2023-08-06 08:51:55.403088 - Found MSICHTF2.txt (text/plain) in CBT.V505.FILE983.PDS, moved to PDS/MSICHTF2
2023-08-06 08:51:55.403898 - Found MSICHTF3.txt (text/plain) in CBT.V505.FILE983.PDS, moved to PDS/MSICHTF3
2023-08-06 08:51:55.404673 - Found MSICHTL1.txt (text/plain) in CBT.V505.FILE983.PDS, moved to PDS/MSICHTL1
2023-08-06 08:51:55.405568 - Found MSICHTZ1.txt (text/plain) in CBT.V505.FILE983.PDS, moved to PDS/MSICHTZ1
2023-08-06 08:51:55.406351 - Found MSICHVAR.txt (text/plain) in CBT.V505.FILE983.PDS, moved to PDS/MSICHVAR
2023-08-06 08:51:55.407145 - Found MSICHVL1.txt (text/plain) in CBT.V505.FILE983.PDS, moved to PDS/MSICHVL1
2023-08-06 08:51:55.407929 - Found MSICHVZ1.txt (text/plain) in CBT.V505.FILE983.PDS, moved to PDS/MSICHVZ1
2023-08-06 08:51:55.408848 - Found MSICPCFM.txt (text/plain) in CBT.V505.FILE983.PDS, moved to PDS/MSICPCFM
2023-08-06 08:51:55.409878 - Found MSICPHLP.txt (text/plain) in CBT.V505.FILE983.PDS, moved to PDS/MSICPHLP
2023-08-06 08:51:55.410812 - Found MSICPHZC.txt (text/plain) in CBT.V505.FILE983.PDS, moved to PDS/MSICPHZC
2023-08-06 08:51:55.411785 - Found MSICPHZD.txt (text/plain) in CBT.V505.FILE983.PDS, moved to PDS/MSICPHZD
2023-08-06 08:51:55.412756 - Found MSICPHZS.txt (text/plain) in CBT.V505.FILE983.PDS, moved to PDS/MSICPHZS
2023-08-06 08:51:55.413648 - Found MSICPINF.txt (text/plain) in CBT.V505.FILE983.PDS, moved to PDS/MSICPINF
2023-08-06 08:51:55.414572 - Found MSICPPRG.txt (text/plain) in CBT.V505.FILE983.PDS, moved to PDS/MSICPPRG
2023-08-06 08:51:55.415431 - Found MSICPPRI.txt (text/plain) in CBT.V505.FILE983.PDS, moved to PDS/MSICPPRI
2023-08-06 08:51:55.416289 - Found MSICPTSK.txt (text/plain) in CBT.V505.FILE983.PDS, moved to PDS/MSICPTSK
2023-08-06 08:51:55.417165 - Found MSICPVAR.txt (text/plain) in CBT.V505.FILE983.PDS, moved to PDS/MSICPVAR
2023-08-06 08:51:55.418100 - Found MSICREDT.rexx (text/plain) in CBT.V505.FILE983.PDS, moved to PDS/MSICREDT
2023-08-06 08:51:55.418981 - Found MSICREXT.rexx (text/plain) in CBT.V505.FILE983.PDS, moved to PDS/MSICREXT
2023-08-06 08:51:55.419872 - Found MSICRMBR.rexx (text/plain) in CBT.V505.FILE983.PDS, moved to PDS/MSICRMBR
2023-08-06 08:51:55.420756 - Found MSICRSUB.rexx (text/plain) in CBT.V505.FILE983.PDS, moved to PDS/MSICRSUB
2023-08-06 08:51:55.421621 - Found MSICT000.txt (text/plain) in CBT.V505.FILE983.PDS, moved to PDS/MSICT000
2023-08-06 08:51:55.422551 - Found MSICT001.txt (text/plain) in CBT.V505.FILE983.PDS, moved to PDS/MSICT001
2023-08-06 08:51:55.423422 - Found MSICT002.txt (text/plain) in CBT.V505.FILE983.PDS, moved to PDS/MSICT002
2023-08-06 08:51:55.424274 - Found MSICT003.txt (text/plain) in CBT.V505.FILE983.PDS, moved to PDS/MSICT003
2023-08-06 08:51:55.425182 - Found XMIMSG.txt (text/plain) in CBT.V505.FILE983.PDS, moved to PDS/XMIMSG
